{
  "RSpec": {
    "coverage": {
      "/Users/DLau/Desktop/KG-ruby/lib/card.rb": [
        1,
        1,
        null,
        1,
        627,
        627,
        null,
        null,
        1,
        240,
        null,
        null
      ],
      "/Users/DLau/Desktop/KG-ruby/lib/deck.rb": [
        1,
        null,
        1,
        1,
        null,
        1,
        null,
        null,
        1,
        null,
        1,
        16,
        null,
        null,
        1,
        7,
        23,
        23,
        null,
        null,
        null,
        1,
        85,
        null,
        null,
        1,
        null,
        1,
        12,
        12,
        48,
        624,
        624,
        null,
        null,
        12,
        null,
        null,
        1,
        23,
        432,
        425,
        34,
        391,
        15,
        null,
        null,
        null,
        7,
        null,
        null,
        1,
        425,
        null,
        null,
        1,
        34,
        null,
        null,
        1,
        34,
        34,
        null,
        null,
        1,
        2,
        2,
        2,
        null,
        null,
        1,
        391,
        null,
        null,
        1,
        391,
        391,
        391,
        null,
        null,
        1,
        39,
        39,
        39,
        null,
        null
      ],
      "/Users/DLau/Desktop/KG-ruby/lib/game.rb": [
        1,
        1,
        null,
        1,
        1,
        null,
        1,
        15,
        15,
        67,
        null,
        null,
        1,
        4,
        null,
        null,
        1,
        5,
        30,
        114,
        null,
        null,
        null,
        null,
        1,
        3,
        9,
        9,
        9,
        null,
        null,
        null,
        null,
        1,
        1,
        1,
        1
      ],
      "/Users/DLau/Desktop/KG-ruby/lib/player.rb": [
        1,
        1,
        null,
        1,
        54,
        null,
        null,
        1,
        113,
        null,
        null,
        1,
        9,
        43,
        9,
        null,
        null
      ]
    },
    "timestamp": 1537199673
  }
}
